<?xml version="1.0" encoding="UTF-8"?>
<!-- Generated by org.testng.reporters.JUnitReportReporter -->
<testsuite hostname="VN-MF10-NC100S7" failures="0" tests="3" name="com.nopcommerce.user.Level_20_Manage_Data_By_Json" time="10.126" errors="0" timestamp="12 Dec 2022 07:57:29 GMT" skipped="0">
  <testcase classname="com.nopcommerce.user.Level_20_Manage_Data_By_Json" name="User_01_Register" time="5.782"/>
  <testcase classname="com.nopcommerce.user.Level_20_Manage_Data_By_Json" name="User_03_My_Account" time="1.162"/>
  <testcase classname="com.nopcommerce.user.Level_20_Manage_Data_By_Json" name="User_02_Login" time="3.182"/>
</testsuite> <!-- com.nopcommerce.user.Level_20_Manage_Data_By_Json -->
